<?xml version="1.0" encoding="UTF-8"?>
<!-- Generated by org.testng.reporters.JUnitReportReporter -->
<testsuite hostname="DESKTOP-6LJCPTQ" failures="0" tests="1" name="testPages.homePageTest" time="1.129" errors="0" timestamp="2023-10-03T17:50:07 EDT" skipped="0">
  <testcase classname="testPages.homePageTest" name="clickLoginLinkTest" time="1.129"/>
</testsuite> <!-- testPages.homePageTest -->
