<?xml version="1.0" encoding="UTF-8"?>
<!-- Generated by org.testng.reporters.JUnitReportReporter -->
<testsuite hostname="DESKTOP-6LJCPTQ" failures="0" tests="1" name="testPages.loginPage" time="0.008" errors="0" timestamp="2023-09-29T17:53:16 EDT" skipped="0">
  <testcase classname="testPages.loginPage" name="testbrowser" time="0.008"/>
</testsuite> <!-- testPages.loginPage -->
