<?xml version="1.0" encoding="UTF-8"?>
<!-- Generated by org.testng.reporters.JUnitReportReporter -->
<testsuite hostname="DESKTOP-6LJCPTQ" failures="0" tests="1" name="Pages.baseClass" time="3.876" errors="0" timestamp="2023-09-29T19:00:49 EDT" skipped="0">
  <testcase classname="Pages.baseClass" name="setUp" time="3.876"/>
</testsuite> <!-- Pages.baseClass -->
