<?xml version="1.0" encoding="UTF-8"?>
<!-- Generated by org.testng.reporters.JUnitReportReporter -->
<testsuite hostname="DESKTOP-6LJCPTQ" failures="0" tests="1" name="testPages.homePageTest" time="4.971" errors="0" timestamp="2023-10-03T17:27:52 EDT" skipped="0">
  <testcase classname="testPages.homePageTest" name="setUpTest" time="4.971"/>
</testsuite> <!-- testPages.homePageTest -->
